<?xml version="1.0" encoding="UTF-8"?>
<!-- Generated by org.testng.reporters.JUnitXMLReporter -->
<testsuite ignored="0" hostname="ASCINLAP61727" failures="0" tests="4" name="Default test" time="52.203" errors="0" timestamp="2025-08-28T13:47:31 IST">
  <testcase classname="pomTest.TestScripts" name="loginPositive" time="14.959"/>
  <testcase classname="pomTest.TestScripts" name="RepoCreation" time="3.034"/>
  <testcase classname="pomTest.TestScripts" name="DeleteRepo" time="10.773"/>
  <testcase classname="pomTest.TestScripts" name="SignOut" time="0.892"/>
</testsuite> <!-- Default test -->
