<?xml version="1.0" encoding="UTF-8"?>
<testng-results ignored="0" total="4" passed="4" failed="0" skipped="0">
  <reporter-output>
  </reporter-output>
  <suite started-at="2025-08-28T13:46:39 IST" name="Default suite" finished-at="2025-08-28T13:47:31 IST" duration-ms="52203">
    <groups>
    </groups>
    <test started-at="2025-08-28T13:46:39 IST" name="Default test" finished-at="2025-08-28T13:47:31 IST" duration-ms="52203">
      <class name="pomTest.TestScripts">
        <test-method is-config="true" signature="setup()[pri:0, instance:pomTest.TestScripts@c0c2f8d]" started-at="2025-08-28T13:46:39 IST" name="setup" finished-at="2025-08-28T13:46:53 IST" duration-ms="13651" status="PASS">
          <reporter-output>
          </reporter-output>
        </test-method> <!-- setup -->
        <test-method signature="loginPositive()[pri:1, instance:pomTest.TestScripts@c0c2f8d]" started-at="2025-08-28T13:46:53 IST" name="loginPositive" finished-at="2025-08-28T13:47:08 IST" duration-ms="14959" status="PASS">
          <reporter-output>
          </reporter-output>
        </test-method> <!-- loginPositive -->
        <test-method signature="RepoCreation()[pri:2, instance:pomTest.TestScripts@c0c2f8d]" started-at="2025-08-28T13:47:08 IST" name="RepoCreation" finished-at="2025-08-28T13:47:11 IST" duration-ms="3034" status="PASS">
          <reporter-output>
          </reporter-output>
        </test-method> <!-- RepoCreation -->
        <test-method signature="DeleteRepo()[pri:3, instance:pomTest.TestScripts@c0c2f8d]" started-at="2025-08-28T13:47:11 IST" name="DeleteRepo" finished-at="2025-08-28T13:47:22 IST" duration-ms="10773" status="PASS">
          <reporter-output>
          </reporter-output>
        </test-method> <!-- DeleteRepo -->
        <test-method signature="SignOut()[pri:4, instance:pomTest.TestScripts@c0c2f8d]" started-at="2025-08-28T13:47:22 IST" name="SignOut" finished-at="2025-08-28T13:47:22 IST" duration-ms="892" status="PASS">
          <reporter-output>
          </reporter-output>
        </test-method> <!-- SignOut -->
        <test-method is-config="true" signature="tearDown()[pri:0, instance:pomTest.TestScripts@c0c2f8d]" started-at="2025-08-28T13:47:23 IST" name="tearDown" finished-at="2025-08-28T13:47:31 IST" duration-ms="8786" status="PASS">
          <reporter-output>
          </reporter-output>
        </test-method> <!-- tearDown -->
      </class> <!-- pomTest.TestScripts -->
    </test> <!-- Default test -->
  </suite> <!-- Default suite -->
</testng-results>
