<?xml version="1.0" encoding="UTF-8"?>
<!-- Generated by org.testng.reporters.JUnitReportReporter -->
<testsuite hostname="ASCINLAP61727" failures="0" tests="4" name="pomTest.TestScripts" time="29.658" errors="0" timestamp="2025-08-28T13:47:32 IST" skipped="0">
  <testcase classname="pomTest.TestScripts" name="loginPositive" time="14.959"/>
  <testcase classname="pomTest.TestScripts" name="RepoCreation" time="3.034"/>
  <testcase classname="pomTest.TestScripts" name="DeleteRepo" time="10.773"/>
  <testcase classname="pomTest.TestScripts" name="SignOut" time="0.892"/>
</testsuite> <!-- pomTest.TestScripts -->
